d:\정의훈\106\framework\client\default\x64\debug\client.pch
d:\정의훈\106\framework\client\default\x64\debug\vc140.pdb
d:\정의훈\106\framework\client\default\x64\debug\vc140.idb
d:\정의훈\106\framework\client\default\x64\debug\stdafx.obj
d:\정의훈\106\framework\client\default\x64\debug\mainapp.obj
d:\정의훈\106\framework\client\default\x64\debug\client.obj
d:\정의훈\106\framework\client\bin\client.ilk
d:\정의훈\106\framework\client\bin\client.exe
d:\정의훈\106\framework\client\bin\client.pdb
d:\정의훈\106\framework\client\default\x64\debug\client.res
d:\정의훈\106\framework\client\default\..\bin\client.exe
d:\정의훈\106\framework\client\default\x64\debug\client.tlog\cl.command.1.tlog
d:\정의훈\106\framework\client\default\x64\debug\client.tlog\cl.read.1.tlog
d:\정의훈\106\framework\client\default\x64\debug\client.tlog\cl.write.1.tlog
d:\정의훈\106\framework\client\default\x64\debug\client.tlog\link.command.1.tlog
d:\정의훈\106\framework\client\default\x64\debug\client.tlog\link.read.1.tlog
d:\정의훈\106\framework\client\default\x64\debug\client.tlog\link.write.1.tlog
d:\정의훈\106\framework\client\default\x64\debug\client.tlog\rc.command.1.tlog
d:\정의훈\106\framework\client\default\x64\debug\client.tlog\rc.read.1.tlog
d:\정의훈\106\framework\client\default\x64\debug\client.tlog\rc.write.1.tlog
