d:\정의훈\106\sr\framework\client\default\debug\client.pch
d:\정의훈\106\sr\framework\client\default\debug\vc140.pdb
d:\정의훈\106\sr\framework\client\default\debug\vc140.idb
d:\정의훈\106\sr\framework\client\default\debug\stdafx.obj
d:\정의훈\106\sr\framework\client\default\debug\background.obj
d:\정의훈\106\sr\framework\client\default\debug\camera_free.obj
d:\정의훈\106\sr\framework\client\default\debug\loading.obj
d:\정의훈\106\sr\framework\client\default\debug\mainapp.obj
d:\정의훈\106\sr\framework\client\default\debug\scene_loading.obj
d:\정의훈\106\sr\framework\client\default\debug\scene_stage.obj
d:\정의훈\106\sr\framework\client\default\debug\terrain.obj
d:\정의훈\106\sr\framework\client\default\debug\client.obj
d:\정의훈\106\sr\framework\client\default\debug\sky.obj
d:\정의훈\106\sr\framework\client\bin\shader_rect.cso
d:\정의훈\106\sr\framework\client\bin\shader_terrain.cso
d:\정의훈\106\sr\framework\client\bin\shader_cube.cso
d:\정의훈\106\sr\framework\client\bin\client.ilk
d:\정의훈\106\sr\framework\client\bin\client.exe
d:\정의훈\106\sr\framework\client\bin\client.pdb
d:\정의훈\106\sr\framework\client\default\debug\client.res
d:\정의훈\106\sr\framework\client\default\..\bin\client.exe
d:\정의훈\106\sr\framework\client\default\debug\client.tlog\cl.command.1.tlog
d:\정의훈\106\sr\framework\client\default\debug\client.tlog\cl.read.1.tlog
d:\정의훈\106\sr\framework\client\default\debug\client.tlog\cl.write.1.tlog
d:\정의훈\106\sr\framework\client\default\debug\client.tlog\client.write.1u.tlog
d:\정의훈\106\sr\framework\client\default\debug\client.tlog\fxc.command.1.tlog
d:\정의훈\106\sr\framework\client\default\debug\client.tlog\fxc.read.1.tlog
d:\정의훈\106\sr\framework\client\default\debug\client.tlog\fxc.write.1.tlog
d:\정의훈\106\sr\framework\client\default\debug\client.tlog\link.command.1.tlog
d:\정의훈\106\sr\framework\client\default\debug\client.tlog\link.read.1.tlog
d:\정의훈\106\sr\framework\client\default\debug\client.tlog\link.write.1.tlog
d:\정의훈\106\sr\framework\client\default\debug\client.tlog\rc.command.1.tlog
d:\정의훈\106\sr\framework\client\default\debug\client.tlog\rc.read.1.tlog
d:\정의훈\106\sr\framework\client\default\debug\client.tlog\rc.write.1.tlog
