d:\정의훈\106\sr\framework\engine\default\debug\vc140.pdb
d:\정의훈\106\sr\framework\engine\default\debug\vc140.idb
d:\정의훈\106\sr\framework\engine\default\debug\camera.obj
d:\정의훈\106\sr\framework\engine\default\debug\component.obj
d:\정의훈\106\sr\framework\engine\default\debug\component_manager.obj
d:\정의훈\106\sr\framework\engine\default\debug\gameobject.obj
d:\정의훈\106\sr\framework\engine\default\debug\graphic_device.obj
d:\정의훈\106\sr\framework\engine\default\debug\layer.obj
d:\정의훈\106\sr\framework\engine\default\debug\management.obj
d:\정의훈\106\sr\framework\engine\default\debug\object_manager.obj
d:\정의훈\106\sr\framework\engine\default\debug\pipeline.obj
d:\정의훈\106\sr\framework\engine\default\debug\renderer.obj
d:\정의훈\106\sr\framework\engine\default\debug\scene.obj
d:\정의훈\106\sr\framework\engine\default\debug\scene_manager.obj
d:\정의훈\106\sr\framework\engine\default\debug\shader.obj
d:\정의훈\106\sr\framework\engine\default\debug\texture.obj
d:\정의훈\106\sr\framework\engine\default\debug\timer.obj
d:\정의훈\106\sr\framework\engine\default\debug\timer_manager.obj
d:\정의훈\106\sr\framework\engine\default\debug\transform.obj
d:\정의훈\106\sr\framework\engine\default\debug\vibuffer.obj
d:\정의훈\106\sr\framework\engine\default\debug\vibuffer_rect.obj
d:\정의훈\106\sr\framework\engine\default\debug\vibuffer_terrain.obj
d:\정의훈\106\sr\framework\engine\default\debug\base.obj
d:\정의훈\106\sr\framework\engine\default\debug\input_device.obj
d:\정의훈\106\sr\framework\engine\default\debug\vibuffer_cube.obj
d:\정의훈\106\sr\framework\engine\bin\engine.lib
d:\정의훈\106\sr\framework\engine\bin\engine.exp
d:\정의훈\106\sr\framework\engine\bin\engine.ilk
d:\정의훈\106\sr\framework\engine\bin\engine.dll
d:\정의훈\106\sr\framework\engine\bin\engine.pdb
d:\정의훈\106\sr\framework\engine\default\..\bin\engine.dll
d:\정의훈\106\sr\framework\engine\default\debug\engine.tlog\cl.command.1.tlog
d:\정의훈\106\sr\framework\engine\default\debug\engine.tlog\cl.read.1.tlog
d:\정의훈\106\sr\framework\engine\default\debug\engine.tlog\cl.write.1.tlog
d:\정의훈\106\sr\framework\engine\default\debug\engine.tlog\engine.write.1u.tlog
d:\정의훈\106\sr\framework\engine\default\debug\engine.tlog\link.command.1.tlog
d:\정의훈\106\sr\framework\engine\default\debug\engine.tlog\link.read.1.tlog
d:\정의훈\106\sr\framework\engine\default\debug\engine.tlog\link.write.1.tlog
